app/build/intermediates/manifest_merge_blame_file/release/manifest-merger-blame-release-report.txt
1<?xml version="1.0" encoding="utf-8"?>
2<manifest xmlns:android="http://schemas.android.com/apk/res/android"
3    package="com.example.sipappmerge"
4    android:sharedUserId="android.ui"
5    android:versionCode="1"
6    android:versionName="9.5" >
7
8    <uses-sdk
9        android:minSdkVersion="19"
9-->src\main\AndroidManifest.xml
10        android:targetSdkVersion="29" />
10-->src\main\AndroidManifest.xml
11
12    <uses-permission android:name="android.permission.ACCESS_FINE_LOCATION" />
12-->src\main\AndroidManifest.xml:7:5-79
12-->src\main\AndroidManifest.xml:7:22-76
13    <uses-permission android:name="android.permission.ACCESS_NETWORK_STATE" />
13-->src\main\AndroidManifest.xml:8:5-79
13-->src\main\AndroidManifest.xml:8:22-76
14    <uses-permission android:name="android.permission.ACCESS_WIFI_STATE" />
14-->src\main\AndroidManifest.xml:9:5-76
14-->src\main\AndroidManifest.xml:9:22-73
15    <uses-permission android:name="android.permission.INTERNET" />
15-->src\main\AndroidManifest.xml:10:5-67
15-->src\main\AndroidManifest.xml:10:22-64
16    <uses-permission android:name="android.permission.ACCESS_COARSE_LOCATION" />
16-->src\main\AndroidManifest.xml:11:5-81
16-->src\main\AndroidManifest.xml:11:22-78
17    <uses-permission android:name="android.permission.KILL_BACKGROUND_PROCESSES" />
17-->src\main\AndroidManifest.xml:12:5-84
17-->src\main\AndroidManifest.xml:12:22-81
18    <uses-permission android:name="android.permission.READ_PHONE_STATE" />
18-->src\main\AndroidManifest.xml:13:5-75
18-->src\main\AndroidManifest.xml:13:22-72
19    <uses-permission android:name="android.permission.READ_EXTERNAL_STORAGE" />
19-->src\main\AndroidManifest.xml:14:5-80
19-->src\main\AndroidManifest.xml:14:22-77
20    <uses-permission android:name="android.permission.CAMERA" />
20-->src\main\AndroidManifest.xml:15:5-65
20-->src\main\AndroidManifest.xml:15:22-62
21    <uses-permission android:name="android.permission.READ_PRIVILEGED_PHONE_STATE" />
21-->src\main\AndroidManifest.xml:16:5-86
21-->src\main\AndroidManifest.xml:16:22-83
22    <uses-permission android:name="android.permission.WRITE_EXTERNAL_STORAGE" />
22-->src\main\AndroidManifest.xml:17:5-81
22-->src\main\AndroidManifest.xml:17:22-78
23    <uses-permission android:name="android.permission.CALL_PHONE" />
23-->src\main\AndroidManifest.xml:18:5-69
23-->src\main\AndroidManifest.xml:18:22-66
24    <uses-permission android:name="android.permission.READ_LOGS" />
24-->src\main\AndroidManifest.xml:19:5-68
24-->src\main\AndroidManifest.xml:19:22-65
25    <uses-permission android:name="android.permission.RECORD_AUDIO" />
25-->src\main\AndroidManifest.xml:20:5-71
25-->src\main\AndroidManifest.xml:20:22-68
26    <uses-permission android:name="android.permission.TELEPHONY_SERVICE" />
26-->src\main\AndroidManifest.xml:21:5-76
26-->src\main\AndroidManifest.xml:21:22-73
27
28    <uses-feature android:name="android.hardware.camera" />
28-->src\main\AndroidManifest.xml:23:5-60
28-->src\main\AndroidManifest.xml:23:19-57
29    <uses-feature android:name="android.telecom.TelecomManager" />
29-->src\main\AndroidManifest.xml:24:5-67
29-->src\main\AndroidManifest.xml:24:19-64
30
31    <uses-permission android:name="android.permission.SYSTEM_ALERT_WINDOW" />
31-->src\main\AndroidManifest.xml:25:5-78
31-->src\main\AndroidManifest.xml:25:22-75
32    <uses-permission android:name="android.permission.ACCESS_SUPERUSER" />
32-->src\main\AndroidManifest.xml:26:5-75
32-->src\main\AndroidManifest.xml:26:22-72
33    <uses-permission android:name="android.permission.GET_TASKS" />
33-->src\main\AndroidManifest.xml:27:5-68
33-->src\main\AndroidManifest.xml:27:22-65
34    <uses-permission android:name="android.permission.RECEIVE_BOOT_COMPLETED" />
34-->src\main\AndroidManifest.xml:28:5-81
34-->src\main\AndroidManifest.xml:28:22-78
35    <uses-permission android:name="com.android.alarm.permission.SET_ALARM" />
35-->src\main\AndroidManifest.xml:29:5-78
35-->src\main\AndroidManifest.xml:29:22-75
36    <uses-permission android:name="android.permission.WAKE_LOCK" />
36-->src\main\AndroidManifest.xml:30:5-68
36-->src\main\AndroidManifest.xml:30:22-65
37    <uses-permission android:name="android.permission.ACCESS_WIFI_STATE" />
37-->src\main\AndroidManifest.xml:9:5-76
37-->src\main\AndroidManifest.xml:9:22-73
38    <uses-permission android:name="android.permission.REQUEST_INSTALL_PACKAGES" />
38-->src\main\AndroidManifest.xml:32:5-83
38-->src\main\AndroidManifest.xml:32:22-80
39    <uses-permission android:name="com.google.android.finsky.permission.BIND_GET_INSTALL_REFERRER_SERVICE" />
39-->[com.google.android.gms:play-services-measurement:17.5.0] AndroidManifest.xml:26:5-110
39-->[com.google.android.gms:play-services-measurement:17.5.0] AndroidManifest.xml:26:22-107
40
41    <application
41-->src\main\AndroidManifest.xml:34:5-156:19
42        android:name="com.example.sipappmerge.Utils.MyApplication"
42-->src\main\AndroidManifest.xml:35:9-44
43        android:allowBackup="false"
43-->src\main\AndroidManifest.xml:36:9-36
44        android:appComponentFactory="androidx.core.app.CoreComponentFactory"
44-->[androidx.core:core:1.1.0] AndroidManifest.xml:24:18-86
45        android:hardwareAccelerated="true"
45-->src\main\AndroidManifest.xml:37:9-43
46        android:icon="@mipmap/ic_launcher"
46-->src\main\AndroidManifest.xml:38:9-43
47        android:label="@string/app_name"
47-->src\main\AndroidManifest.xml:39:9-41
48        android:largeHeap="true"
48-->src\main\AndroidManifest.xml:40:9-33
49        android:requestLegacyExternalStorage="true"
49-->src\main\AndroidManifest.xml:41:9-52
50        android:roundIcon="@mipmap/ic_launcher_round"
50-->src\main\AndroidManifest.xml:42:9-54
51        android:supportsRtl="true"
51-->src\main\AndroidManifest.xml:43:9-35
52        android:testOnly="false"
52-->src\main\AndroidManifest.xml:44:9-33
53        android:theme="@style/AppTheme"
53-->src\main\AndroidManifest.xml:45:9-40
54        android:usesCleartextTraffic="true" >
54-->src\main\AndroidManifest.xml:46:9-44
55        <activity
55-->src\main\AndroidManifest.xml:47:9-49:68
56            android:name="com.example.sipappmerge.Merge.PredictiveCall"
56-->src\main\AndroidManifest.xml:47:19-55
57            android:screenOrientation="portrait"
57-->src\main\AndroidManifest.xml:48:13-49
58            android:theme="@style/AppTheme.NoActionBar" />
58-->src\main\AndroidManifest.xml:49:13-56
59        <activity
59-->src\main\AndroidManifest.xml:50:9-53:59
60            android:name="com.example.sipappmerge.Merge.WebViewActivity"
60-->src\main\AndroidManifest.xml:51:13-50
61            android:screenOrientation="landscape"
61-->src\main\AndroidManifest.xml:52:13-50
62            android:theme="@style/AppTheme.NoActionBar" />
62-->src\main\AndroidManifest.xml:53:13-56
63        <activity
63-->src\main\AndroidManifest.xml:54:9-56:68
64            android:name="com.example.sipappmerge.Merge.VideoListActivity"
64-->src\main\AndroidManifest.xml:55:13-52
65            android:theme="@style/AppTheme.NoActionBar" />
65-->src\main\AndroidManifest.xml:56:13-56
66        <activity android:name="com.example.sipappmerge.Merge.BaseActivity" />
66-->src\main\AndroidManifest.xml:57:9-56
66-->src\main\AndroidManifest.xml:57:19-53
67        <activity
67-->src\main\AndroidManifest.xml:58:9-60:59
68            android:name="com.example.sipappmerge.Merge.ChangePassword"
68-->src\main\AndroidManifest.xml:59:13-49
69            android:theme="@style/AppTheme.NoActionBar" />
69-->src\main\AndroidManifest.xml:60:13-56
70        <activity android:name="com.example.sipappmerge.Merge.SplashActivity" >
70-->src\main\AndroidManifest.xml:61:9-67:20
70-->src\main\AndroidManifest.xml:61:19-55
71            <intent-filter>
71-->src\main\AndroidManifest.xml:62:13-66:29
72                <action android:name="android.intent.action.MAIN" />
72-->src\main\AndroidManifest.xml:63:17-69
72-->src\main\AndroidManifest.xml:63:25-66
73
74                <category android:name="android.intent.category.LAUNCHER" />
74-->src\main\AndroidManifest.xml:65:17-77
74-->src\main\AndroidManifest.xml:65:27-74
75            </intent-filter>
76        </activity>
77        <activity
77-->src\main\AndroidManifest.xml:68:9-71:59
78            android:name="com.example.sipappmerge.Merge.NewModel"
78-->src\main\AndroidManifest.xml:69:13-43
79            android:screenOrientation="portrait"
79-->src\main\AndroidManifest.xml:70:13-49
80            android:theme="@style/AppTheme.NoActionBar" />
80-->src\main\AndroidManifest.xml:71:13-56
81        <activity
81-->src\main\AndroidManifest.xml:72:9-74:52
82            android:name="com.example.sipappmerge.Merge.FAQActivity"
82-->src\main\AndroidManifest.xml:73:13-46
83            android:screenOrientation="portrait" />
83-->src\main\AndroidManifest.xml:74:13-49
84        <activity
84-->src\main\AndroidManifest.xml:75:9-77:52
85            android:name="com.example.sipappmerge.Merge.ProgressiveCall"
85-->src\main\AndroidManifest.xml:76:13-50
86            android:screenOrientation="portrait" />
86-->src\main\AndroidManifest.xml:77:13-49
87        <activity
87-->src\main\AndroidManifest.xml:78:9-81:52
88            android:name="com.example.sipappmerge.Merge.Ibreak"
88-->src\main\AndroidManifest.xml:79:13-41
89            android:screenOrientation="portrait"
89-->src\main\AndroidManifest.xml:81:13-49
90            android:theme="@style/AppTheme.NoActionBar" />
90-->src\main\AndroidManifest.xml:80:13-56
91        <activity
91-->src\main\AndroidManifest.xml:82:9-84:52
92            android:name="com.example.sipappmerge.crash.CallActivity"
92-->src\main\AndroidManifest.xml:83:13-47
93            android:screenOrientation="portrait" />
93-->src\main\AndroidManifest.xml:84:13-49
94        <activity
94-->src\main\AndroidManifest.xml:85:9-87:52
95            android:name="com.example.sipappmerge.Merge.CallDispo"
95-->src\main\AndroidManifest.xml:86:13-44
96            android:screenOrientation="portrait" />
96-->src\main\AndroidManifest.xml:87:13-49
97        <activity
97-->src\main\AndroidManifest.xml:88:9-111:20
98            android:name="com.example.sipappmerge.Merge.Login"
98-->src\main\AndroidManifest.xml:89:13-40
99            android:screenOrientation="portrait"
99-->src\main\AndroidManifest.xml:90:13-49
100            android:windowSoftInputMode="stateHidden|adjustPan" >
100-->src\main\AndroidManifest.xml:91:13-64
101            <intent-filter>
101-->src\main\AndroidManifest.xml:92:13-105:29
102
103                <!-- Handle links from other applications -->
104
105                <action android:name="android.intent.action.ANSWER" />
105-->src\main\AndroidManifest.xml:96:17-71
105-->src\main\AndroidManifest.xml:96:25-68
106                <!-- Populate the system chooser -->
107                <category android:name="android.intent.category.DEFAULT" />
107-->src\main\AndroidManifest.xml:98:17-76
107-->src\main\AndroidManifest.xml:98:27-73
108
109                <action android:name="android.intent.action.CALL_PRIVILEGED" />
109-->src\main\AndroidManifest.xml:100:17-80
109-->src\main\AndroidManifest.xml:100:25-77
110                <!-- Handle links in browsers -->
111                <category android:name="android.intent.category.BROWSABLE" />
111-->src\main\AndroidManifest.xml:102:17-78
111-->src\main\AndroidManifest.xml:102:27-75
112
113                <data android:scheme="tel" />
113-->src\main\AndroidManifest.xml:104:17-46
113-->src\main\AndroidManifest.xml:104:23-43
114            </intent-filter>
115            <intent-filter>
115-->src\main\AndroidManifest.xml:106:13-110:29
116                <action android:name="android.intent.action.DIAL" />
116-->src\main\AndroidManifest.xml:107:17-69
116-->src\main\AndroidManifest.xml:107:25-66
117
118                <category android:name="android.intent.category.DEFAULT" />
118-->src\main\AndroidManifest.xml:98:17-76
118-->src\main\AndroidManifest.xml:98:27-73
119            </intent-filter>
120        </activity>
121
122        <provider
122-->src\main\AndroidManifest.xml:113:9-121:20
123            android:name="androidx.core.content.FileProvider"
123-->src\main\AndroidManifest.xml:114:13-62
124            android:authorities="com.example.sipappmerge"
124-->src\main\AndroidManifest.xml:115:13-58
125            android:exported="false"
125-->src\main\AndroidManifest.xml:116:13-37
126            android:grantUriPermissions="true" >
126-->src\main\AndroidManifest.xml:117:13-47
127            <meta-data
127-->src\main\AndroidManifest.xml:118:13-120:54
128                android:name="android.support.FILE_PROVIDER_PATHS"
128-->src\main\AndroidManifest.xml:119:17-67
129                android:resource="@xml/file_paths" />
129-->src\main\AndroidManifest.xml:120:17-51
130        </provider>
131
132        <uses-library
132-->src\main\AndroidManifest.xml:123:9-125:40
133            android:name="org.apache.http.legacy"
133-->src\main\AndroidManifest.xml:124:13-50
134            android:required="false" />
134-->src\main\AndroidManifest.xml:125:13-37
135
136        <service android:name="com.example.sipappmerge.Utils.ScheduledJobService" >
136-->src\main\AndroidManifest.xml:127:9-131:19
136-->src\main\AndroidManifest.xml:127:18-59
137            <intent-filter>
137-->src\main\AndroidManifest.xml:128:13-130:29
138                <action android:name="com.firebase.jobdispatcher.ACTION_EXECUTE" />
138-->src\main\AndroidManifest.xml:129:17-84
138-->src\main\AndroidManifest.xml:129:25-81
139            </intent-filter>
140        </service>
141        <service
141-->src\main\AndroidManifest.xml:132:9-135:40
142            android:name="com.example.sipappmerge.Utils.MyBackgroundService"
142-->src\main\AndroidManifest.xml:133:13-54
143            android:enabled="true"
143-->src\main\AndroidManifest.xml:134:13-35
144            android:exported="false" />
144-->src\main\AndroidManifest.xml:135:13-37
145        <service
145-->src\main\AndroidManifest.xml:136:9-139:40
146            android:name="com.example.sipappmerge.Utils.MyService"
146-->src\main\AndroidManifest.xml:137:13-44
147            android:enabled="true"
147-->src\main\AndroidManifest.xml:138:13-35
148            android:exported="false" />
148-->src\main\AndroidManifest.xml:139:13-37
149
150        <meta-data
150-->src\main\AndroidManifest.xml:141:9-143:47
151            android:name="com.google.android.safetynet.ATTEST_API_KEY"
151-->src\main\AndroidManifest.xml:142:13-71
152            android:value="@string/api_key" />
152-->src\main\AndroidManifest.xml:143:13-44
153
154        <receiver
154-->src\main\AndroidManifest.xml:145:9-152:20
155            android:name="com.example.sipappmerge.Utils.ConnectivityReceiver"
155-->src\main\AndroidManifest.xml:146:13-55
156            android:enabled="true"
156-->src\main\AndroidManifest.xml:147:13-35
157            android:exported="false" >
157-->src\main\AndroidManifest.xml:148:13-37
158            <intent-filter>
158-->src\main\AndroidManifest.xml:149:13-151:29
159                <action android:name="android.intent.action.AIRPLANE_MODE" />
159-->src\main\AndroidManifest.xml:150:17-78
159-->src\main\AndroidManifest.xml:150:25-75
160            </intent-filter>
161        </receiver>
162
163        <service android:name="com.example.sipappmerge.Utils.UpdateService" >
163-->src\main\AndroidManifest.xml:153:9-155:19
163-->src\main\AndroidManifest.xml:154:13-48
164        </service>
165        <!--
166             Receives GooglePlay execution requests and forwards them to the
167             appropriate internal service.
168        -->
169        <service
169-->[com.firebase:firebase-jobdispatcher:0.8.4] AndroidManifest.xml:32:9-39:19
170            android:name="com.firebase.jobdispatcher.GooglePlayReceiver"
170-->[com.firebase:firebase-jobdispatcher:0.8.4] AndroidManifest.xml:33:13-73
171            android:exported="true"
171-->[com.firebase:firebase-jobdispatcher:0.8.4] AndroidManifest.xml:34:13-36
172            android:permission="com.google.android.gms.permission.BIND_NETWORK_TASK_SERVICE" >
172-->[com.firebase:firebase-jobdispatcher:0.8.4] AndroidManifest.xml:35:13-93
173            <intent-filter>
173-->[com.firebase:firebase-jobdispatcher:0.8.4] AndroidManifest.xml:36:13-38:29
174                <action android:name="com.google.android.gms.gcm.ACTION_TASK_READY" />
174-->[com.firebase:firebase-jobdispatcher:0.8.4] AndroidManifest.xml:37:17-87
174-->[com.firebase:firebase-jobdispatcher:0.8.4] AndroidManifest.xml:37:25-84
175            </intent-filter>
176        </service>
177        <service
177-->[com.google.firebase:firebase-crashlytics:17.2.1] AndroidManifest.xml:13:9-19:19
178            android:name="com.google.firebase.components.ComponentDiscoveryService"
178-->[com.google.firebase:firebase-crashlytics:17.2.1] AndroidManifest.xml:14:13-84
179            android:directBootAware="true"
179-->[com.google.firebase:firebase-common:19.3.1] AndroidManifest.xml:35:13-43
180            android:exported="false" >
180-->[com.google.firebase:firebase-crashlytics:17.2.1] AndroidManifest.xml:15:13-37
181            <meta-data
181-->[com.google.firebase:firebase-crashlytics:17.2.1] AndroidManifest.xml:16:13-18:85
182                android:name="com.google.firebase.components:com.google.firebase.crashlytics.CrashlyticsRegistrar"
182-->[com.google.firebase:firebase-crashlytics:17.2.1] AndroidManifest.xml:17:17-115
183                android:value="com.google.firebase.components.ComponentRegistrar" />
183-->[com.google.firebase:firebase-crashlytics:17.2.1] AndroidManifest.xml:18:17-82
184            <meta-data
184-->[com.google.android.gms:play-services-measurement-api:17.5.0] AndroidManifest.xml:30:13-32:85
185                android:name="com.google.firebase.components:com.google.firebase.analytics.connector.internal.AnalyticsConnectorRegistrar"
185-->[com.google.android.gms:play-services-measurement-api:17.5.0] AndroidManifest.xml:31:17-139
186                android:value="com.google.firebase.components.ComponentRegistrar" />
186-->[com.google.android.gms:play-services-measurement-api:17.5.0] AndroidManifest.xml:32:17-82
187            <meta-data
187-->[com.google.firebase:firebase-installations:16.3.3] AndroidManifest.xml:17:13-19:85
188                android:name="com.google.firebase.components:com.google.firebase.installations.FirebaseInstallationsRegistrar"
188-->[com.google.firebase:firebase-installations:16.3.3] AndroidManifest.xml:18:17-127
189                android:value="com.google.firebase.components.ComponentRegistrar" />
189-->[com.google.firebase:firebase-installations:16.3.3] AndroidManifest.xml:19:17-82
190        </service>
191
192        <activity
192-->[com.google.android.gms:play-services-base:17.0.0] AndroidManifest.xml:23:9-26:75
193            android:name="com.google.android.gms.common.api.GoogleApiActivity"
193-->[com.google.android.gms:play-services-base:17.0.0] AndroidManifest.xml:24:13-79
194            android:exported="false"
194-->[com.google.android.gms:play-services-base:17.0.0] AndroidManifest.xml:25:13-37
195            android:theme="@android:style/Theme.Translucent.NoTitleBar" />
195-->[com.google.android.gms:play-services-base:17.0.0] AndroidManifest.xml:26:13-72
196
197        <provider
197-->[com.google.firebase:firebase-common:19.3.1] AndroidManifest.xml:26:9-31:39
198            android:name="com.google.firebase.provider.FirebaseInitProvider"
198-->[com.google.firebase:firebase-common:19.3.1] AndroidManifest.xml:27:13-77
199            android:authorities="com.example.sipappmerge.firebaseinitprovider"
199-->[com.google.firebase:firebase-common:19.3.1] AndroidManifest.xml:28:13-72
200            android:directBootAware="true"
200-->[com.google.firebase:firebase-common:19.3.1] AndroidManifest.xml:29:13-43
201            android:exported="false"
201-->[com.google.firebase:firebase-common:19.3.1] AndroidManifest.xml:30:13-37
202            android:initOrder="100" />
202-->[com.google.firebase:firebase-common:19.3.1] AndroidManifest.xml:31:13-36
203
204        <receiver
204-->[com.google.android.gms:play-services-measurement:17.5.0] AndroidManifest.xml:29:9-33:20
205            android:name="com.google.android.gms.measurement.AppMeasurementReceiver"
205-->[com.google.android.gms:play-services-measurement:17.5.0] AndroidManifest.xml:30:13-85
206            android:enabled="true"
206-->[com.google.android.gms:play-services-measurement:17.5.0] AndroidManifest.xml:31:13-35
207            android:exported="false" >
207-->[com.google.android.gms:play-services-measurement:17.5.0] AndroidManifest.xml:32:13-37
208        </receiver>
209
210        <service
210-->[com.google.android.gms:play-services-measurement:17.5.0] AndroidManifest.xml:35:9-38:40
211            android:name="com.google.android.gms.measurement.AppMeasurementService"
211-->[com.google.android.gms:play-services-measurement:17.5.0] AndroidManifest.xml:36:13-84
212            android:enabled="true"
212-->[com.google.android.gms:play-services-measurement:17.5.0] AndroidManifest.xml:37:13-35
213            android:exported="false" />
213-->[com.google.android.gms:play-services-measurement:17.5.0] AndroidManifest.xml:38:13-37
214        <service
214-->[com.google.android.gms:play-services-measurement:17.5.0] AndroidManifest.xml:39:9-43:72
215            android:name="com.google.android.gms.measurement.AppMeasurementJobService"
215-->[com.google.android.gms:play-services-measurement:17.5.0] AndroidManifest.xml:40:13-87
216            android:enabled="true"
216-->[com.google.android.gms:play-services-measurement:17.5.0] AndroidManifest.xml:41:13-35
217            android:exported="false"
217-->[com.google.android.gms:play-services-measurement:17.5.0] AndroidManifest.xml:42:13-37
218            android:permission="android.permission.BIND_JOB_SERVICE" />
218-->[com.google.android.gms:play-services-measurement:17.5.0] AndroidManifest.xml:43:13-69
219
220        <meta-data
220-->[com.google.android.gms:play-services-basement:17.0.0] AndroidManifest.xml:23:9-25:69
221            android:name="com.google.android.gms.version"
221-->[com.google.android.gms:play-services-basement:17.0.0] AndroidManifest.xml:24:13-58
222            android:value="@integer/google_play_services_version" />
222-->[com.google.android.gms:play-services-basement:17.0.0] AndroidManifest.xml:25:13-66
223
224        <service
224-->[com.google.android.datatransport:transport-backend-cct:2.3.1] AndroidManifest.xml:29:9-35:19
225            android:name="com.google.android.datatransport.runtime.backends.TransportBackendDiscovery"
225-->[com.google.android.datatransport:transport-backend-cct:2.3.1] AndroidManifest.xml:30:13-103
226            android:exported="false" >
226-->[com.google.android.datatransport:transport-backend-cct:2.3.1] AndroidManifest.xml:31:13-37
227            <meta-data
227-->[com.google.android.datatransport:transport-backend-cct:2.3.1] AndroidManifest.xml:32:13-34:39
228                android:name="backend:com.google.android.datatransport.cct.CctBackendFactory"
228-->[com.google.android.datatransport:transport-backend-cct:2.3.1] AndroidManifest.xml:33:17-94
229                android:value="cct" />
229-->[com.google.android.datatransport:transport-backend-cct:2.3.1] AndroidManifest.xml:34:17-36
230        </service>
231        <service
231-->[com.google.android.datatransport:transport-runtime:2.2.4] AndroidManifest.xml:26:9-30:19
232            android:name="com.google.android.datatransport.runtime.scheduling.jobscheduling.JobInfoSchedulerService"
232-->[com.google.android.datatransport:transport-runtime:2.2.4] AndroidManifest.xml:27:13-117
233            android:exported="false"
233-->[com.google.android.datatransport:transport-runtime:2.2.4] AndroidManifest.xml:28:13-37
234            android:permission="android.permission.BIND_JOB_SERVICE" >
234-->[com.google.android.datatransport:transport-runtime:2.2.4] AndroidManifest.xml:29:13-69
235        </service>
236
237        <receiver
237-->[com.google.android.datatransport:transport-runtime:2.2.4] AndroidManifest.xml:32:9-34:40
238            android:name="com.google.android.datatransport.runtime.scheduling.jobscheduling.AlarmManagerSchedulerBroadcastReceiver"
238-->[com.google.android.datatransport:transport-runtime:2.2.4] AndroidManifest.xml:33:13-132
239            android:exported="false" />
239-->[com.google.android.datatransport:transport-runtime:2.2.4] AndroidManifest.xml:34:13-37
240    </application>
241
242</manifest>